Flow report for P1
Fri Nov 23 15:16:58 2018
Quartus Prime Version 18.1.0 Build 625 09/12/2018 SJ Lite Edition


---------------------
; Table of Contents ;
---------------------
  1. Legal Notice
  2. Flow Summary
  3. Flow Settings
  4. Flow Non-Default Global Settings
  5. Flow Elapsed Time
  6. Flow OS Summary
  7. Flow Log
  8. Flow Messages
  9. Flow Suppressed Messages



----------------
; Legal Notice ;
----------------
Copyright (C) 2018  Intel Corporation. All rights reserved.
Your use of Intel Corporation's design tools, logic functions 
and other software and tools, and its AMPP partner logic 
functions, and any output files from any of the foregoing 
(including device programming or simulation files), and any 
associated documentation or information are expressly subject 
to the terms and conditions of the Intel Program License 
Subscription Agreement, the Intel Quartus Prime License Agreement,
the Intel FPGA IP License Agreement, or other applicable license
agreement, including, without limitation, that your use is for
the sole purpose of programming logic devices manufactured by
Intel and sold by Intel or its authorized distributors.  Please
refer to the applicable agreement for further details.



+----------------------------------------------------------------------------------+
; Flow Summary                                                                     ;
+------------------------------------+---------------------------------------------+
; Flow Status                        ; Successful - Fri Nov 23 15:16:46 2018       ;
; Quartus Prime Version              ; 18.1.0 Build 625 09/12/2018 SJ Lite Edition ;
; Revision Name                      ; P1                                          ;
; Top-level Entity Name              ; architecture                                ;
; Family                             ; Cyclone IV E                                ;
; Device                             ; EP4CE30F23C6                                ;
; Timing Models                      ; Final                                       ;
; Total logic elements               ; 1,861 / 28,848 ( 6 % )                      ;
;     Total combinational functions  ; 1,734 / 28,848 ( 6 % )                      ;
;     Dedicated logic registers      ; 1,029 / 28,848 ( 4 % )                      ;
; Total registers                    ; 1029                                        ;
; Total pins                         ; 23 / 329 ( 7 % )                            ;
; Total virtual pins                 ; 0                                           ;
; Total memory bits                  ; 207,872 / 608,256 ( 34 % )                  ;
; Embedded Multiplier 9-bit elements ; 0 / 132 ( 0 % )                             ;
; Total PLLs                         ; 0 / 4 ( 0 % )                               ;
+------------------------------------+---------------------------------------------+


+-----------------------------------------+
; Flow Settings                           ;
+-------------------+---------------------+
; Option            ; Setting             ;
+-------------------+---------------------+
; Start date & time ; 11/23/2018 15:13:47 ;
; Main task         ; Compilation         ;
; Revision Name     ; P1                  ;
+-------------------+---------------------+


+--------------------------------------------------------------------------------------------------------------------------------------------------+
; Flow Non-Default Global Settings                                                                                                                 ;
+-------------------------------------+----------------------------------------------------------------+---------------+--------------+------------+
; Assignment Name                     ; Value                                                          ; Default Value ; Entity Name  ; Section Id ;
+-------------------------------------+----------------------------------------------------------------+---------------+--------------+------------+
; COMPILER_SIGNATURE_ID               ; 88750185252792.154298602608044                                 ; --            ; --           ; --         ;
; MAX_CORE_JUNCTION_TEMP              ; 85                                                             ; --            ; --           ; --         ;
; MIN_CORE_JUNCTION_TEMP              ; 0                                                              ; --            ; --           ; --         ;
; MISC_FILE                           ; architecture/synthesis/../architecture.cmp                     ; --            ; --           ; --         ;
; MISC_FILE                           ; architecture/synthesis/../../architecture.qsys                 ; --            ; --           ; --         ;
; PARTITION_COLOR                     ; -- (Not supported for targeted family)                         ; --            ; architecture ; Top        ;
; PARTITION_FITTER_PRESERVATION_LEVEL ; -- (Not supported for targeted family)                         ; --            ; architecture ; Top        ;
; PARTITION_NETLIST_TYPE              ; -- (Not supported for targeted family)                         ; --            ; architecture ; Top        ;
; POWER_BOARD_THERMAL_MODEL           ; None (CONSERVATIVE)                                            ; --            ; --           ; --         ;
; POWER_PRESET_COOLING_SOLUTION       ; 23 MM HEAT SINK WITH 200 LFPM AIRFLOW                          ; --            ; --           ; --         ;
; PROJECT_OUTPUT_DIRECTORY            ; output_files                                                   ; --            ; --           ; --         ;
; SLD_FILE                            ; architecture/synthesis/architecture.regmap                     ; --            ; --           ; --         ;
; SLD_FILE                            ; architecture/synthesis/architecture.debuginfo                  ; --            ; --           ; --         ;
; SLD_INFO                            ; QSYS_NAME architecture HAS_SOPCINFO 1 GENERATION_ID 1542984374 ; --            ; architecture ; --         ;
; SOPCINFO_FILE                       ; architecture/synthesis/../../architecture.sopcinfo             ; --            ; --           ; --         ;
; SYNTHESIS_ONLY_QIP                  ; On                                                             ; --            ; --           ; --         ;
; TOP_LEVEL_ENTITY                    ; architecture                                                   ; P1            ; --           ; --         ;
+-------------------------------------+----------------------------------------------------------------+---------------+--------------+------------+


+--------------------------------------------------------------------------------------------------------------------------+
; Flow Elapsed Time                                                                                                        ;
+----------------------+--------------+-------------------------+---------------------+------------------------------------+
; Module Name          ; Elapsed Time ; Average Processors Used ; Peak Virtual Memory ; Total CPU Time (on all processors) ;
+----------------------+--------------+-------------------------+---------------------+------------------------------------+
; Analysis & Synthesis ; 00:01:47     ; 1.0                     ; 4903 MB             ; 00:02:23                           ;
; Fitter               ; 00:00:41     ; 1.0                     ; 5323 MB             ; 00:00:30                           ;
; Assembler            ; 00:00:05     ; 1.0                     ; 4706 MB             ; 00:00:05                           ;
; Timing Analyzer      ; 00:00:09     ; 1.1                     ; 4816 MB             ; 00:00:08                           ;
; Total                ; 00:02:42     ; --                      ; --                  ; 00:03:06                           ;
+----------------------+--------------+-------------------------+---------------------+------------------------------------+


+------------------------------------------------------------------------------------+
; Flow OS Summary                                                                    ;
+----------------------+------------------+------------+------------+----------------+
; Module Name          ; Machine Hostname ; OS Name    ; OS Version ; Processor type ;
+----------------------+------------------+------------+------------+----------------+
; Analysis & Synthesis ; fox              ; Windows 10 ; 10.0       ; x86_64         ;
; Fitter               ; fox              ; Windows 10 ; 10.0       ; x86_64         ;
; Assembler            ; fox              ; Windows 10 ; 10.0       ; x86_64         ;
; Timing Analyzer      ; fox              ; Windows 10 ; 10.0       ; x86_64         ;
+----------------------+------------------+------------+------------+----------------+


------------
; Flow Log ;
------------
quartus_map --read_settings_files=on --write_settings_files=off P1 -c P1
quartus_fit --read_settings_files=off --write_settings_files=off P1 -c P1
quartus_asm --read_settings_files=off --write_settings_files=off P1 -c P1
quartus_sta P1 -c P1



